#
# An unexpected error has been detected by Java Runtime Environment:
#
#  EXCEPTION_ACCESS_VIOLATION (0xc0000005) at pc=0x6d88b436, pid=1000, tid=2616
#
# Java VM: Java HotSpot(TM) Client VM (1.6.0_02-b06 mixed mode, sharing)
# Problematic frame:
# V  [jvm.dll+0xcb436]
#
# If you would like to submit a bug report, please visit:
#   http://java.sun.com/webapps/bugreport/crash.jsp
#

---------------  T H R E A D  ---------------

Current thread (0x084b7400):  JavaThread "AWT-EventQueue-0" [_thread_in_vm, id=2616]

siginfo: ExceptionCode=0xc0000005, reading address 0x00000000

Registers:
EAX=0x00000000, EBX=0x084b74ec, ECX=0x084b7400, EDX=0x6d9a4244
ESP=0x0b58f2ac, EBP=0x00000000, ESI=0x084b7400, EDI=0x00000000
EIP=0x6d88b436, EFLAGS=0x00010246

Top of Stack: (sp=0x0b58f2ac)
0x0b58f2ac:   0b58f370 084b74ec 0b58f360 26a5cc98
0x0b58f2bc:   084b7400 083f8024 000004a4 6d9a4244
0x0b58f2cc:   6d7d81e8 084b7400 0b58fa7c 6d8961ff
0x0b58f2dc:   084b7400 00000006 00000004 0b58f370
0x0b58f2ec:   084b74ec 0b58f360 26a5cc98 7af52f0c
0x0b58f2fc:   084b74ec 0b58f370 00000000 0b58f31c
0x0b58f30c:   7af529bf 084b74ec 0b58f370 00000000
0x0b58f31c:   084b7400 26a5cc98 0b58f360 26a5cc98 

Instructions: (pc=0x6d88b436)
0x6d88b426:   14 74 09 8d 4c 24 10 e8 2e d0 08 00 8b 7c 24 58
0x6d88b436:   8b 07 c7 44 24 20 0c 00 00 00 8b 48 08 0f b7 51 


Stack: [0x0ad90000,0x0b590000),  sp=0x0b58f2ac,  free space=8188k
Native frames: (J=compiled Java code, j=interpreted, Vv=VM code, C=native code)
V  [jvm.dll+0xcb436]

[error occurred during error reporting, step 120, id 0xc0000005]

Java frames: (J=compiled Java code, j=interpreted, Vv=VM code)
j  com.mathworks.util.NativeJava.hWndFromComponentPeer(Ljava/awt/peer/ComponentPeer;)I+0
j  com.mathworks.util.NativeJava.hWndFromWindow(Ljava/awt/Window;)I+72
j  com.mathworks.util.NativeJava.hWndFromComponent(Ljava/awt/Component;)I+99
j  com.mathworks.mwt.dialog.MWFileDialog$AWTFileDialog.addNotify()V+25
j  java.awt.Dialog.conditionalShow(Ljava/awt/Component;Ljava/util/concurrent/atomic/AtomicLong;)Z+16
j  java.awt.Dialog.show()V+52
j  com.mathworks.mwt.dialog.MWFileDialog.show()V+67
j  com.mathworks.ide.editor.EditorPrefsGeneralPanel$FileChooserButtonListener.actionPerformed(Ljava/awt/event/ActionEvent;)V+29
j  com.mathworks.mwt.MWButton.mouseReleased(Ljava/awt/event/MouseEvent;)V+144
j  java.awt.Component.processMouseEvent(Ljava/awt/event/MouseEvent;)V+64
j  com.mathworks.mwt.MWComponent.processMouseEvent(Ljava/awt/event/MouseEvent;)V+202
j  java.awt.Component.processEvent(Ljava/awt/AWTEvent;)V+81
J  java.awt.Component.dispatchEventImpl(Ljava/awt/AWTEvent;)V
J  java.awt.LightweightDispatcher.retargetMouseEvent(Ljava/awt/Component;ILjava/awt/event/MouseEvent;)V
j  java.awt.LightweightDispatcher.processMouseEvent(Ljava/awt/event/MouseEvent;)Z+139
j  java.awt.LightweightDispatcher.dispatchEvent(Ljava/awt/AWTEvent;)Z+50
J  java.awt.Container.dispatchEventImpl(Ljava/awt/AWTEvent;)V
j  java.awt.Window.dispatchEventImpl(Ljava/awt/AWTEvent;)V+19
J  java.awt.EventQueue.dispatchEvent(Ljava/awt/AWTEvent;)V
J  java.awt.EventDispatchThread.pumpOneEventForFilters(I)Z
J  java.awt.EventDispatchThread.pumpEventsForFilter(ILjava/awt/Conditional;Ljava/awt/EventFilter;)V
j  java.awt.EventDispatchThread.pumpEventsForHierarchy(ILjava/awt/Conditional;Ljava/awt/Component;)V+11
j  java.awt.EventDispatchThread.pumpEvents(ILjava/awt/Conditional;)V+4
j  java.awt.EventDispatchThread.pumpEvents(Ljava/awt/Conditional;)V+3
j  java.awt.EventDispatchThread.run()V+9
v  ~StubRoutines::call_stub

---------------  P R O C E S S  ---------------

Java Threads: ( => current thread )
  0x0418ac00 JavaThread "Timer-MWTextView caret" [_thread_blocked, id=3612]
  0x08561400 JavaThread "Looper-MatlabCommandWidget" [_thread_blocked, id=2192]
  0x0855a800 JavaThread "Looper-Shared Reply" [_thread_blocked, id=3284]
  0x0855c400 JavaThread "Timer-MWToolTip" [_thread_blocked, id=3816]
  0x084f1400 JavaThread "Prefs Updater" [_thread_blocked, id=2784]
  0x084e7c00 JavaThread "Looper-EditorApplication" [_thread_blocked, id=1016]
  0x084e8c00 JavaThread "Timer-Clipboard Monitoring" [_thread_blocked, id=956]
  0x084d7400 JavaThread "Thread-2" [_thread_in_native, id=1940]
=>0x084b7400 JavaThread "AWT-EventQueue-0" [_thread_in_vm, id=2616]
  0x084b7000 JavaThread "AWT-Shutdown" [_thread_blocked, id=380]
  0x083cfc00 JavaThread "AWT-Windows" daemon [_thread_in_native, id=948]
  0x083ce400 JavaThread "Java2D Disposer" daemon [_thread_blocked, id=3940]
  0x041d6c00 JavaThread "Looper-Matlab Looper" [_thread_blocked, id=2448]
  0x0413e800 JavaThread "Low Memory Detector" daemon [_thread_blocked, id=2872]
  0x04139c00 JavaThread "CompilerThread0" daemon [_thread_blocked, id=3540]
  0x04138c00 JavaThread "Attach Listener" daemon [_thread_blocked, id=1896]
  0x04137c00 JavaThread "Signal Dispatcher" daemon [_thread_blocked, id=2776]
  0x0412fc00 JavaThread "Finalizer" daemon [_thread_blocked, id=2152]
  0x0412ec00 JavaThread "Reference Handler" daemon [_thread_blocked, id=640]
  0x01f97c00 JavaThread "main" [_thread_in_native, id=2548]

Other Threads:
  0x04125c00 VMThread [id=3456]
  0x04148c00 WatcherThread [id=2640]

VM state:not at safepoint (normal execution)

VM Mutex/Monitor currently owned by a thread: None

Heap
 def new generation   total 960K, used 501K [0x22960000, 0x22a60000, 0x22e40000)
  eden space 896K,  51% used [0x22960000, 0x229d24c8, 0x22a40000)
  from space 64K,  69% used [0x22a50000, 0x22a5b160, 0x22a60000)
  to   space 64K,   0% used [0x22a40000, 0x22a40000, 0x22a50000)
 tenured generation   total 4096K, used 2351K [0x22e40000, 0x23240000, 0x26960000)
   the space 4096K,  57% used [0x22e40000, 0x2308bcb8, 0x2308be00, 0x23240000)
 compacting perm gen  total 12288K, used 4528K [0x26960000, 0x27560000, 0x2a960000)
   the space 12288K,  36% used [0x26960000, 0x26dcc2e0, 0x26dcc400, 0x27560000)
    ro space 8192K,  62% used [0x2a960000, 0x2ae5f728, 0x2ae5f800, 0x2b160000)
    rw space 12288K,  52% used [0x2b160000, 0x2b7a1eb8, 0x2b7a2000, 0x2bd60000)

Dynamic libraries:
0x00400000 - 0x005fb000 	C:\PROGRA~1\MATLAB6p5\bin\win32\matlab.exe
0x7c900000 - 0x7c9b0000 	C:\WINDOWS\system32\ntdll.dll
0x7c800000 - 0x7c8f5000 	C:\WINDOWS\system32\kernel32.dll
0x7e410000 - 0x7e4a0000 	C:\WINDOWS\system32\USER32.dll
0x77f10000 - 0x77f57000 	C:\WINDOWS\system32\GDI32.dll
0x774e0000 - 0x7761d000 	C:\WINDOWS\system32\ole32.dll
0x77dd0000 - 0x77e6b000 	C:\WINDOWS\system32\ADVAPI32.dll
0x77e70000 - 0x77f01000 	C:\WINDOWS\system32\RPCRT4.dll
0x77c10000 - 0x77c68000 	C:\WINDOWS\system32\msvcrt.dll
0x77c00000 - 0x77c08000 	C:\WINDOWS\system32\VERSION.dll
0x7a000000 - 0x7a00d000 	C:\PROGRA~1\MATLAB6p5\bin\win32\mwoles05.dll
0x77120000 - 0x771ab000 	C:\WINDOWS\system32\OLEAUT32.dll
0x7a710000 - 0x7a7d0000 	C:\PROGRA~1\MATLAB6p5\bin\win32\libut.dll
0x76c90000 - 0x76cb8000 	C:\WINDOWS\system32\IMAGEHLP.dll
0x7b110000 - 0x7b138000 	C:\PROGRA~1\MATLAB6p5\bin\win32\libmx.dll
0x7af70000 - 0x7af77000 	C:\PROGRA~1\MATLAB6p5\bin\win32\libmex.dll
0x7af80000 - 0x7af93000 	C:\PROGRA~1\MATLAB6p5\bin\win32\libmwservices.dll
0x7a630000 - 0x7a644000 	C:\PROGRA~1\MATLAB6p5\bin\win32\mpath.dll
0x7a7d0000 - 0x7a895000 	C:\PROGRA~1\MATLAB6p5\bin\win32\m_interpreter.dll
0x7afa0000 - 0x7afa9000 	C:\PROGRA~1\MATLAB6p5\bin\win32\libmat.dll
0x7aaa0000 - 0x7ab2b000 	C:\PROGRA~1\MATLAB6p5\bin\win32\mlib.dll
0x7aa90000 - 0x7aa9e000 	C:\PROGRA~1\MATLAB6p5\bin\win32\m_pcodeio.dll
0x7aa10000 - 0x7aa73000 	C:\PROGRA~1\MATLAB6p5\bin\win32\m_ir.dll
0x7a8a0000 - 0x7aa0f000 	C:\PROGRA~1\MATLAB6p5\bin\win32\m_parser.dll
0x7aa80000 - 0x7aa8f000 	C:\PROGRA~1\MATLAB6p5\bin\win32\m_pcodegen.dll
0x7afe0000 - 0x7afe6000 	C:\PROGRA~1\MATLAB6p5\bin\win32\m_dispatcher.dll
0x7a010000 - 0x7a0e8000 	C:\PROGRA~1\MATLAB6p5\bin\win32\hg.dll
0x7a5e0000 - 0x7a62f000 	C:\PROGRA~1\MATLAB6p5\bin\win32\numerics.dll
0x7ab50000 - 0x7ab5f000 	C:\PROGRA~1\MATLAB6p5\bin\win32\libmwlapack.dll
0x7ab60000 - 0x7abbc000 	C:\PROGRA~1\MATLAB6p5\bin\win32\libmwfftw.dll
0x7afb0000 - 0x7afdb000 	C:\PROGRA~1\MATLAB6p5\bin\win32\libmwumfpack.dll
0x7a650000 - 0x7a6b2000 	C:\PROGRA~1\MATLAB6p5\bin\win32\udd.dll
0x7a4f0000 - 0x7a563000 	C:\PROGRA~1\MATLAB6p5\bin\win32\uiw.dll
0x73000000 - 0x73026000 	C:\WINDOWS\system32\WINSPOOL.DRV
0x763b0000 - 0x763f9000 	C:\WINDOWS\system32\comdlg32.dll
0x77f60000 - 0x77fd6000 	C:\WINDOWS\system32\SHLWAPI.dll
0x5d090000 - 0x5d12a000 	C:\WINDOWS\system32\COMCTL32.dll
0x7c9c0000 - 0x7d1d5000 	C:\WINDOWS\system32\SHELL32.dll
0x7a570000 - 0x7a5d8000 	C:\PROGRA~1\MATLAB6p5\bin\win32\gui.dll
0x7a110000 - 0x7a4cd000 	C:\PROGRA~1\MATLAB6p5\bin\win32\simulink.dll
0x76390000 - 0x763ad000 	C:\WINDOWS\system32\IMM32.dll
0x7aff0000 - 0x7b017000 	C:\PROGRA~1\MATLAB6p5\bin\win32\libmwbuiltins.dll
0x7b020000 - 0x7b075000 	C:\PROGRA~1\MATLAB6p5\bin\win32\cg_ir.dll
0x7b080000 - 0x7b0a2000 	C:\PROGRA~1\MATLAB6p5\bin\win32\libfixedpoint.dll
0x7b0b0000 - 0x7b0b8000 	C:\PROGRA~1\MATLAB6p5\bin\win32\glee.dll
0x7b0c0000 - 0x7b0e7000 	C:\PROGRA~1\MATLAB6p5\bin\win32\jmi.dll
0x7a0f0000 - 0x7a102000 	C:\PROGRA~1\MATLAB6p5\bin\win32\dastudio.dll
0x7a4d0000 - 0x7a4ed000 	C:\PROGRA~1\MATLAB6p5\bin\win32\hardcopy.dll
0x7ab30000 - 0x7ab4a000 	C:\PROGRA~1\MATLAB6p5\bin\win32\sl_solver.dll
0x79000000 - 0x790f2000 	C:\PROGRA~1\MATLAB6p5\bin\win32\MFC42.DLL
0x7b140000 - 0x7b155000 	C:\PROGRA~1\MATLAB6p5\bin\win32\mclcom.dll
0x7a6c0000 - 0x7a704000 	C:\PROGRA~1\MATLAB6p5\bin\win32\udd_mi.dll
0x7b0f0000 - 0x7b10b000 	C:\PROGRA~1\MATLAB6p5\bin\win32\comcli.dll
0x5b860000 - 0x5b8b4000 	C:\WINDOWS\system32\NETAPI32.dll
0x7ae30000 - 0x7af30000 	C:\PROGRA~1\MATLAB6p5\bin\win32\atlas_PIII.dll
0x7abc0000 - 0x7ae26000 	C:\PROGRA~1\MATLAB6p5\bin\win32\lapack.dll
0x10000000 - 0x1006e000 	C:\PROGRA~1\MATLAB6p5\bin\win32\DFORRT.dll
0x773d0000 - 0x774d3000 	C:\WINDOWS\WinSxS\x86_Microsoft.Windows.Common-Controls_6595b64144ccf1df_6.0.2600.2982_x-ww_ac3f9c03\comctl32.dll
0x74720000 - 0x7476b000 	C:\WINDOWS\system32\MSCTF.dll
0x755c0000 - 0x755ee000 	C:\WINDOWS\system32\msctfime.ime
0x6d7c0000 - 0x6da09000 	C:\PROGRA~1\MATLAB6p5\sys\java\jre\win32\jre\bin\client\jvm.dll
0x76b40000 - 0x76b6d000 	C:\WINDOWS\system32\WINMM.dll
0x7c340000 - 0x7c396000 	C:\WINDOWS\system32\MSVCR71.dll
0x6d310000 - 0x6d318000 	C:\PROGRA~1\MATLAB6p5\sys\java\jre\win32\jre\bin\hpi.dll
0x76bf0000 - 0x76bfb000 	C:\WINDOWS\system32\PSAPI.DLL
0x6d770000 - 0x6d77c000 	C:\PROGRA~1\MATLAB6p5\sys\java\jre\win32\jre\bin\verify.dll
0x6d3b0000 - 0x6d3cf000 	C:\PROGRA~1\MATLAB6p5\sys\java\jre\win32\jre\bin\java.dll
0x6d7b0000 - 0x6d7bf000 	C:\PROGRA~1\MATLAB6p5\sys\java\jre\win32\jre\bin\zip.dll
0x6d000000 - 0x6d1c3000 	C:\Program Files\MATLAB6p5\sys\java\jre\win32\jre\bin\awt.dll
0x6d2b0000 - 0x6d303000 	C:\Program Files\MATLAB6p5\sys\java\jre\win32\jre\bin\fontmanager.dll
0x7af50000 - 0x7af64000 	C:\Program Files\MATLAB6p5\bin\win32\nativejava.dll
0x6d570000 - 0x6d583000 	C:\Program Files\MATLAB6p5\sys\java\jre\win32\jre\bin\net.dll
0x71ab0000 - 0x71ac7000 	C:\WINDOWS\system32\WS2_32.dll
0x71aa0000 - 0x71aa8000 	C:\WINDOWS\system32\WS2HELP.dll
0x6d590000 - 0x6d599000 	C:\Program Files\MATLAB6p5\sys\java\jre\win32\jre\bin\nio.dll
0x7af30000 - 0x7af47000 	C:\PROGRA~1\MATLAB6p5\bin\win32\glren.dll
0x5ed00000 - 0x5edcc000 	C:\WINDOWS\system32\OPENGL32.dll
0x68b20000 - 0x68b40000 	C:\WINDOWS\system32\GLU32.dll
0x73760000 - 0x737a9000 	C:\WINDOWS\system32\DDRAW.dll
0x73bc0000 - 0x73bc6000 	C:\WINDOWS\system32\DCIMAN32.dll
0x0f190000 - 0x0f1a1000 	C:\WINDOWS\System32\spool\DRIVERS\W32X86\3\DLBKUI5C.DLL
0x73b30000 - 0x73b45000 	C:\WINDOWS\system32\mscms.dll
0x769c0000 - 0x76a73000 	C:\WINDOWS\system32\USERENV.dll
0x0f1b0000 - 0x0f284000 	C:\WINDOWS\System32\spool\DRIVERS\W32X86\3\DLBKSTRN.DLL
0x605d0000 - 0x605d9000 	C:\WINDOWS\system32\mslbui.dll
0x0a630000 - 0x0a635000 	C:\PROGRA~1\MATLAB6p5\toolbox\matlab\datatypes\cellfun.dll

VM Arguments:
jvm_args: vfprintf abort -Dsun.java2d.noddraw=true
java_command: <unknown>
Launcher Type: generic

Environment Variables:
PATH=C:\Program Files\MiKTeX 2.6\miktex\bin;C:\WINDOWS\system32;C:\WINDOWS;C:\WINDOWS\System32\Wbem;C:\Program Files\Intel\Wireless\Bin;C:\Program Files\Microsoft SQL Server\80\Tools\Binn\;c:\Program Files\Microsoft SQL Server\90\Tools\binn\;c:\progra~1\matlab6p5\bin\win32;C:\home\adler/software/bin
USERNAME=adler
OS=Windows_NT
PROCESSOR_IDENTIFIER=x86 Family 6 Model 14 Stepping 8, GenuineIntel



---------------  S Y S T E M  ---------------

OS: Windows XP Build 2600 Service Pack 2

CPU:total 2 (2 cores per cpu, 1 threads per core) family 6 model 14 stepping 8, cmov, cx8, fxsr, mmx, sse, sse2, sse3

Memory: 4k page, physical 1038316k(304072k free), swap 2499700k(1957072k free)

vm_info: Java HotSpot(TM) Client VM (1.6.0_02-b06) for windows-x86, built on Jul 12 2007 01:16:14 by "java_re" with unknown MS VC++:1310

